# JRE version: Java(TM) SE Runtime Environment (8.0_171-b11) (build 1.8.0_171-b11)
# Java VM: Java HotSpot(TM) 64-Bit Server VM (25.171-b11 mixed mode windows-amd64 compressed oops)
Heap:
 PSYoungGen      total 203776K, used 173306K [0x0000000780700000, 0x0000000792b00000, 0x00000007c0000000)
  eden space 187392K, 92% used [0x0000000780700000,0x000000078b03e880,0x000000078be00000)
  from space 16384K, 0% used [0x000000078be00000,0x000000078be00000,0x000000078ce00000)
  to   space 16384K, 0% used [0x0000000791b00000,0x0000000791b00000,0x0000000792b00000)
 ParOldGen       total 145920K, used 20790K [0x0000000701400000, 0x000000070a280000, 0x0000000780700000)
  object space 145920K, 14% used [0x0000000701400000,0x000000070284db28,0x000000070a280000)
 Metaspace       used 38681K, capacity 40256K, committed 40408K, reserved 1085440K
  class space    used 4964K, capacity 5270K, committed 5376K, reserved 1048576K
GC Heap History (10 events):
Event: 8.588 GC heap before
{Heap before GC invocations=5 (full 1):
 PSYoungGen      total 106496K, used 98304K [0x0000000780700000, 0x000000078d700000, 0x00000007c0000000)
  eden space 98304K, 100% used [0x0000000780700000,0x0000000786700000,0x0000000786700000)
  from space 8192K, 0% used [0x0000000786700000,0x0000000786700000,0x0000000786f00000)
  to   space 8192K, 0% used [0x000000078cf00000,0x000000078cf00000,0x000000078d700000)
 ParOldGen       total 91648K, used 10615K [0x0000000701400000, 0x0000000706d80000, 0x0000000780700000)
  object space 91648K, 11% used [0x0000000701400000,0x0000000701e5dfd0,0x0000000706d80000)
 Metaspace       used 26181K, capacity 27090K, committed 27136K, reserved 1073152K
  class space    used 3361K, capacity 3574K, committed 3584K, reserved 1048576K
Event: 8.614 GC heap after
Heap after GC invocations=5 (full 1):
 PSYoungGen      total 143360K, used 6767K [0x0000000780700000, 0x000000078d600000, 0x00000007c0000000)
  eden space 136192K, 0% used [0x0000000780700000,0x0000000780700000,0x0000000788c00000)
  from space 7168K, 94% used [0x000000078cf00000,0x000000078d59bce0,0x000000078d600000)
  to   space 8192K, 0% used [0x000000078c600000,0x000000078c600000,0x000000078ce00000)
 ParOldGen       total 91648K, used 10623K [0x0000000701400000, 0x0000000706d80000, 0x0000000780700000)
  object space 91648K, 11% used [0x0000000701400000,0x0000000701e5ffd0,0x0000000706d80000)
 Metaspace       used 26181K, capacity 27090K, committed 27136K, reserved 1073152K
  class space    used 3361K, capacity 3574K, committed 3584K, reserved 1048576K
}
Event: 13.276 GC heap before
{Heap before GC invocations=6 (full 1):
 PSYoungGen      total 143360K, used 142959K [0x0000000780700000, 0x000000078d600000, 0x00000007c0000000)
  eden space 136192K, 100% used [0x0000000780700000,0x0000000788c00000,0x0000000788c00000)
  from space 7168K, 94% used [0x000000078cf00000,0x000000078d59bce0,0x000000078d600000)
  to   space 8192K, 0% used [0x000000078c600000,0x000000078c600000,0x000000078ce00000)
 ParOldGen       total 91648K, used 10623K [0x0000000701400000, 0x0000000706d80000, 0x0000000780700000)
  object space 91648K, 11% used [0x0000000701400000,0x0000000701e5ffd0,0x0000000706d80000)
 Metaspace       used 27831K, capacity 28906K, committed 29184K, reserved 1075200K
  class space    used 3562K, capacity 3775K, committed 3840K, reserved 1048576K
Event: 13.301 GC heap after
Heap after GC invocations=6 (full 1):
 PSYoungGen      total 191488K, used 8180K [0x0000000780700000, 0x000000078d400000, 0x00000007c0000000)
  eden space 183296K, 0% used [0x0000000780700000,0x0000000780700000,0x000000078ba00000)
  from space 8192K, 99% used [0x000000078c600000,0x000000078cdfd030,0x000000078ce00000)
  to   space 6144K, 0% used [0x000000078ce00000,0x000000078ce00000,0x000000078d400000)
 ParOldGen       total 91648K, used 13518K [0x0000000701400000, 0x0000000706d80000, 0x0000000780700000)
  object space 91648K, 14% used [0x0000000701400000,0x0000000702133820,0x0000000706d80000)
 Metaspace       used 27831K, capacity 28906K, committed 29184K, reserved 1075200K
  class space    used 3562K, capacity 3775K, committed 3840K, reserved 1048576K
}
Event: 20.020 GC heap before
{Heap before GC invocations=7 (full 1):
 PSYoungGen      total 191488K, used 191476K [0x0000000780700000, 0x000000078d400000, 0x00000007c0000000)
  eden space 183296K, 100% used [0x0000000780700000,0x000000078ba00000,0x000000078ba00000)
  from space 8192K, 99% used [0x000000078c600000,0x000000078cdfd030,0x000000078ce00000)
  to   space 6144K, 0% used [0x000000078ce00000,0x000000078ce00000,0x000000078d400000)
 ParOldGen       total 91648K, used 13518K [0x0000000701400000, 0x0000000706d80000, 0x0000000780700000)
  object space 91648K, 14% used [0x0000000701400000,0x0000000702133820,0x0000000706d80000)
 Metaspace       used 30763K, capacity 31952K, committed 32128K, reserved 1077248K
  class space    used 3972K, capacity 4216K, committed 4224K, reserved 1048576K
Event: 20.079 GC heap after
Heap after GC invocations=7 (full 1):
 PSYoungGen      total 193536K, used 6112K [0x0000000780700000, 0x0000000791580000, 0x00000007c0000000)
  eden space 187392K, 0% used [0x0000000780700000,0x0000000780700000,0x000000078be00000)
  from space 6144K, 99% used [0x000000078ce00000,0x000000078d3f8020,0x000000078d400000)
  to   space 16384K, 0% used [0x000000078be00000,0x000000078be00000,0x000000078ce00000)
 ParOldGen       total 91648K, used 22588K [0x0000000701400000, 0x0000000706d80000, 0x0000000780700000)
  object space 91648K, 24% used [0x0000000701400000,0x0000000702a0f380,0x0000000706d80000)
 Metaspace       used 30763K, capacity 31952K, committed 32128K, reserved 1077248K
  class space    used 3972K, capacity 4216K, committed 4224K, reserved 1048576K
}
Event: 22.971 GC heap before
{Heap before GC invocations=8 (full 1):
 PSYoungGen      total 193536K, used 119369K [0x0000000780700000, 0x0000000791580000, 0x00000007c0000000)
  eden space 187392K, 60% used [0x0000000780700000,0x000000078759a5c0,0x000000078be00000)
  from space 6144K, 99% used [0x000000078ce00000,0x000000078d3f8020,0x000000078d400000)
  to   space 16384K, 0% used [0x000000078be00000,0x000000078be00000,0x000000078ce00000)
 ParOldGen       total 91648K, used 22588K [0x0000000701400000, 0x0000000706d80000, 0x0000000780700000)
  object space 91648K, 24% used [0x0000000701400000,0x0000000702a0f380,0x0000000706d80000)
 Metaspace       used 34083K, capacity 35296K, committed 35416K, reserved 1079296K
  class space    used 4387K, capacity 4646K, committed 4736K, reserved 1048576K
Event: 23.059 GC heap after
Heap after GC invocations=8 (full 1):
 PSYoungGen      total 203776K, used 11184K [0x0000000780700000, 0x0000000792b00000, 0x00000007c0000000)
  eden space 187392K, 0% used [0x0000000780700000,0x0000000780700000,0x000000078be00000)
  from space 16384K, 68% used [0x000000078be00000,0x000000078c8ec1d0,0x000000078ce00000)
  to   space 16384K, 0% used [0x0000000791b00000,0x0000000791b00000,0x0000000792b00000)
 ParOldGen       total 91648K, used 22596K [0x0000000701400000, 0x0000000706d80000, 0x0000000780700000)
  object space 91648K, 24% used [0x0000000701400000,0x0000000702a11380,0x0000000706d80000)
 Metaspace       used 34083K, capacity 35296K, committed 35416K, reserved 1079296K
  class space    used 4387K, capacity 4646K, committed 4736K, reserved 1048576K
}
Event: 23.059 GC heap before
{Heap before GC invocations=9 (full 2):
 PSYoungGen      total 203776K, used 11184K [0x0000000780700000, 0x0000000792b00000, 0x00000007c0000000)
  eden space 187392K, 0% used [0x0000000780700000,0x0000000780700000,0x000000078be00000)
  from space 16384K, 68% used [0x000000078be00000,0x000000078c8ec1d0,0x000000078ce00000)
  to   space 16384K, 0% used [0x0000000791b00000,0x0000000791b00000,0x0000000792b00000)
 ParOldGen       total 91648K, used 22596K [0x0000000701400000, 0x0000000706d80000, 0x0000000780700000)
  object space 91648K, 24% used [0x0000000701400000,0x0000000702a11380,0x0000000706d80000)
 Metaspace       used 34083K, capacity 35296K, committed 35416K, reserved 1079296K
  class space    used 4387K, capacity 4646K, committed 4736K, reserved 1048576K
Event: 23.243 GC heap after
Heap after GC invocations=9 (full 2):
 PSYoungGen      total 203776K, used 0K [0x0000000780700000, 0x0000000792b00000, 0x00000007c0000000)
  eden space 187392K, 0% used [0x0000000780700000,0x0000000780700000,0x000000078be00000)
  from space 16384K, 0% used [0x000000078be00000,0x000000078be00000,0x000000078ce00000)
  to   space 16384K, 0% used [0x0000000791b00000,0x0000000791b00000,0x0000000792b00000)
 ParOldGen       total 145920K, used 20790K [0x0000000701400000, 0x000000070a280000, 0x0000000780700000)
  object space 145920K, 14% used [0x0000000701400000,0x000000070284db28,0x000000070a280000)
 Metaspace       used 34083K, capacity 35296K, committed 35416K, reserved 1079296K
  class space    used 4387K, capacity 4646K, committed 4736K, reserved 1048576K
}

