# JRE version: Java(TM) SE Runtime Environment (8.0_171-b11) (build 1.8.0_171-b11)
# Java VM: Java HotSpot(TM) 64-Bit Server VM (25.171-b11 mixed mode windows-amd64 compressed oops)
Heap:
 PSYoungGen      total 956416K, used 41515K [0x0000000780700000, 0x00000007bc280000, 0x00000007c0000000)
  eden space 934400K, 2% used [0x0000000780700000,0x0000000781a0d900,0x00000007b9780000)
  from space 22016K, 99% used [0x00000007b9780000,0x00000007bacfd628,0x00000007bad00000)
  to   space 21504K, 0% used [0x00000007bad80000,0x00000007bad80000,0x00000007bc280000)
 ParOldGen       total 181248K, used 62721K [0x0000000701400000, 0x000000070c500000, 0x0000000780700000)
  object space 181248K, 34% used [0x0000000701400000,0x0000000705140670,0x000000070c500000)
 Metaspace       used 78871K, capacity 84528K, committed 84824K, reserved 1124352K
  class space    used 9464K, capacity 10355K, committed 10368K, reserved 1048576K
GC Heap History (10 events):
Event: 1692.910 GC heap before
{Heap before GC invocations=21 (full 3):
 PSYoungGen      total 721408K, used 699440K [0x0000000780700000, 0x00000007b5f80000, 0x00000007c0000000)
  eden space 697856K, 100% used [0x0000000780700000,0x00000007ab080000,0x00000007ab080000)
  from space 23552K, 6% used [0x00000007ab080000,0x00000007ab20c190,0x00000007ac780000)
  to   space 23552K, 0% used [0x00000007b4880000,0x00000007b4880000,0x00000007b5f80000)
 ParOldGen       total 181248K, used 65843K [0x0000000701400000, 0x000000070c500000, 0x0000000780700000)
  object space 181248K, 36% used [0x0000000701400000,0x000000070544cf58,0x000000070c500000)
 Metaspace       used 72973K, capacity 76874K, committed 77016K, reserved 1116160K
  class space    used 8810K, capacity 9425K, committed 9472K, reserved 1048576K
Event: 1692.938 GC heap after
Heap after GC invocations=21 (full 3):
 PSYoungGen      total 826880K, used 5021K [0x0000000780700000, 0x00000007b5200000, 0x00000007c0000000)
  eden space 817152K, 0% used [0x0000000780700000,0x0000000780700000,0x00000007b2500000)
  from space 9728K, 51% used [0x00000007b4880000,0x00000007b4d677a0,0x00000007b5200000)
  to   space 23040K, 0% used [0x00000007b2500000,0x00000007b2500000,0x00000007b3b80000)
 ParOldGen       total 181248K, used 66523K [0x0000000701400000, 0x000000070c500000, 0x0000000780700000)
  object space 181248K, 36% used [0x0000000701400000,0x00000007054f6ff8,0x000000070c500000)
 Metaspace       used 72973K, capacity 76874K, committed 77016K, reserved 1116160K
  class space    used 8810K, capacity 9425K, committed 9472K, reserved 1048576K
}
Event: 2391.119 GC heap before
{Heap before GC invocations=22 (full 3):
 PSYoungGen      total 826880K, used 822173K [0x0000000780700000, 0x00000007b5200000, 0x00000007c0000000)
  eden space 817152K, 100% used [0x0000000780700000,0x00000007b2500000,0x00000007b2500000)
  from space 9728K, 51% used [0x00000007b4880000,0x00000007b4d677a0,0x00000007b5200000)
  to   space 23040K, 0% used [0x00000007b2500000,0x00000007b2500000,0x00000007b3b80000)
 ParOldGen       total 181248K, used 66523K [0x0000000701400000, 0x000000070c500000, 0x0000000780700000)
  object space 181248K, 36% used [0x0000000701400000,0x00000007054f6ff8,0x000000070c500000)
 Metaspace       used 75917K, capacity 81400K, committed 81496K, reserved 1120256K
  class space    used 9175K, capacity 10058K, committed 10112K, reserved 1048576K
Event: 2391.144 GC heap after
Heap after GC invocations=22 (full 3):
 PSYoungGen      total 840192K, used 5992K [0x0000000780700000, 0x00000007bc380000, 0x00000007c0000000)
  eden space 817152K, 0% used [0x0000000780700000,0x0000000780700000,0x00000007b2500000)
  from space 23040K, 26% used [0x00000007b2500000,0x00000007b2ada3d8,0x00000007b3b80000)
  to   space 22528K, 0% used [0x00000007bad80000,0x00000007bad80000,0x00000007bc380000)
 ParOldGen       total 181248K, used 66531K [0x0000000701400000, 0x000000070c500000, 0x0000000780700000)
  object space 181248K, 36% used [0x0000000701400000,0x00000007054f8ff8,0x000000070c500000)
 Metaspace       used 75917K, capacity 81400K, committed 81496K, reserved 1120256K
  class space    used 9175K, capacity 10058K, committed 10112K, reserved 1048576K
}
Event: 2564.418 GC heap before
{Heap before GC invocations=23 (full 3):
 PSYoungGen      total 840192K, used 186333K [0x0000000780700000, 0x00000007bc380000, 0x00000007c0000000)
  eden space 817152K, 22% used [0x0000000780700000,0x000000078b71d2f0,0x00000007b2500000)
  from space 23040K, 26% used [0x00000007b2500000,0x00000007b2ada3d8,0x00000007b3b80000)
  to   space 22528K, 0% used [0x00000007bad80000,0x00000007bad80000,0x00000007bc380000)
 ParOldGen       total 181248K, used 66531K [0x0000000701400000, 0x000000070c500000, 0x0000000780700000)
  object space 181248K, 36% used [0x0000000701400000,0x00000007054f8ff8,0x000000070c500000)
 Metaspace       used 76042K, capacity 81582K, committed 81752K, reserved 1120256K
  class space    used 9190K, capacity 10068K, committed 10112K, reserved 1048576K
Event: 2564.427 GC heap after
Heap after GC invocations=23 (full 3):
 PSYoungGen      total 955904K, used 4096K [0x0000000780700000, 0x00000007bc280000, 0x00000007c0000000)
  eden space 934400K, 0% used [0x0000000780700000,0x0000000780700000,0x00000007b9780000)
  from space 21504K, 19% used [0x00000007bad80000,0x00000007bb1800c0,0x00000007bc280000)
  to   space 22016K, 0% used [0x00000007b9780000,0x00000007b9780000,0x00000007bad00000)
 ParOldGen       total 181248K, used 66539K [0x0000000701400000, 0x000000070c500000, 0x0000000780700000)
  object space 181248K, 36% used [0x0000000701400000,0x00000007054faff8,0x000000070c500000)
 Metaspace       used 76042K, capacity 81582K, committed 81752K, reserved 1120256K
  class space    used 9190K, capacity 10068K, committed 10112K, reserved 1048576K
}
Event: 2564.427 GC heap before
{Heap before GC invocations=24 (full 4):
 PSYoungGen      total 955904K, used 4096K [0x0000000780700000, 0x00000007bc280000, 0x00000007c0000000)
  eden space 934400K, 0% used [0x0000000780700000,0x0000000780700000,0x00000007b9780000)
  from space 21504K, 19% used [0x00000007bad80000,0x00000007bb1800c0,0x00000007bc280000)
  to   space 22016K, 0% used [0x00000007b9780000,0x00000007b9780000,0x00000007bad00000)
 ParOldGen       total 181248K, used 66539K [0x0000000701400000, 0x000000070c500000, 0x0000000780700000)
  object space 181248K, 36% used [0x0000000701400000,0x00000007054faff8,0x000000070c500000)
 Metaspace       used 76042K, capacity 81582K, committed 81752K, reserved 1120256K
  class space    used 9190K, capacity 10068K, committed 10112K, reserved 1048576K
Event: 2565.189 GC heap after
Heap after GC invocations=24 (full 4):
 PSYoungGen      total 955904K, used 0K [0x0000000780700000, 0x00000007bc280000, 0x00000007c0000000)
  eden space 934400K, 0% used [0x0000000780700000,0x0000000780700000,0x00000007b9780000)
  from space 21504K, 0% used [0x00000007bad80000,0x00000007bad80000,0x00000007bc280000)
  to   space 22016K, 0% used [0x00000007b9780000,0x00000007b9780000,0x00000007bad00000)
 ParOldGen       total 181248K, used 61716K [0x0000000701400000, 0x000000070c500000, 0x0000000780700000)
  object space 181248K, 34% used [0x0000000701400000,0x00000007050450e8,0x000000070c500000)
 Metaspace       used 76038K, capacity 81576K, committed 81752K, reserved 1120256K
  class space    used 9190K, capacity 10067K, committed 10112K, reserved 1048576K
}
Event: 2594.726 GC heap before
{Heap before GC invocations=25 (full 4):
 PSYoungGen      total 955904K, used 934400K [0x0000000780700000, 0x00000007bc280000, 0x00000007c0000000)
  eden space 934400K, 100% used [0x0000000780700000,0x00000007b9780000,0x00000007b9780000)
  from space 21504K, 0% used [0x00000007bad80000,0x00000007bad80000,0x00000007bc280000)
  to   space 22016K, 0% used [0x00000007b9780000,0x00000007b9780000,0x00000007bad00000)
 ParOldGen       total 181248K, used 61716K [0x0000000701400000, 0x000000070c500000, 0x0000000780700000)
  object space 181248K, 34% used [0x0000000701400000,0x00000007050450e8,0x000000070c500000)
 Metaspace       used 78729K, capacity 84388K, committed 84568K, reserved 1124352K
  class space    used 9458K, capacity 10353K, committed 10368K, reserved 1048576K
Event: 2594.789 GC heap after
Heap after GC invocations=25 (full 4):
 PSYoungGen      total 956416K, used 22005K [0x0000000780700000, 0x00000007bc280000, 0x00000007c0000000)
  eden space 934400K, 0% used [0x0000000780700000,0x0000000780700000,0x00000007b9780000)
  from space 22016K, 99% used [0x00000007b9780000,0x00000007bacfd628,0x00000007bad00000)
  to   space 21504K, 0% used [0x00000007bad80000,0x00000007bad80000,0x00000007bc280000)
 ParOldGen       total 181248K, used 62721K [0x0000000701400000, 0x000000070c500000, 0x0000000780700000)
  object space 181248K, 34% used [0x0000000701400000,0x0000000705140670,0x000000070c500000)
 Metaspace       used 78729K, capacity 84388K, committed 84568K, reserved 1124352K
  class space    used 9458K, capacity 10353K, committed 10368K, reserved 1048576K
}

