# JRE version: Java(TM) SE Runtime Environment (8.0_171-b11) (build 1.8.0_171-b11)
# Java VM: Java HotSpot(TM) 64-Bit Server VM (25.171-b11 mixed mode windows-amd64 compressed oops)
Heap:
 PSYoungGen      total 106496K, used 59458K [0x0000000780700000, 0x000000078c080000, 0x00000007c0000000)
  eden space 98304K, 53% used [0x0000000780700000,0x0000000783ac05d8,0x0000000786700000)
  from space 8192K, 78% used [0x0000000786700000,0x0000000786d504a8,0x0000000786f00000)
  to   space 9728K, 0% used [0x000000078b700000,0x000000078b700000,0x000000078c080000)
 ParOldGen       total 69120K, used 7185K [0x0000000701400000, 0x0000000705780000, 0x0000000780700000)
  object space 69120K, 10% used [0x0000000701400000,0x0000000701b04778,0x0000000705780000)
 Metaspace       used 27333K, capacity 28398K, committed 28672K, reserved 1075200K
  class space    used 3503K, capacity 3737K, committed 3840K, reserved 1048576K
GC Heap History (10 events):
Event: 6.050 GC heap before
{Heap before GC invocations=2 (full 0):
 PSYoungGen      total 57344K, used 57324K [0x0000000780700000, 0x0000000784700000, 0x00000007c0000000)
  eden space 49152K, 100% used [0x0000000780700000,0x0000000783700000,0x0000000783700000)
  from space 8192K, 99% used [0x0000000783700000,0x0000000783efb1d0,0x0000000783f00000)
  to   space 8192K, 0% used [0x0000000783f00000,0x0000000783f00000,0x0000000784700000)
 ParOldGen       total 131072K, used 119K [0x0000000701400000, 0x0000000709400000, 0x0000000780700000)
  object space 131072K, 0% used [0x0000000701400000,0x000000070141dcd0,0x0000000709400000)
 Metaspace       used 12787K, capacity 13254K, committed 13568K, reserved 1060864K
  class space    used 1547K, capacity 1692K, committed 1792K, reserved 1048576K
Event: 6.068 GC heap after
Heap after GC invocations=2 (full 0):
 PSYoungGen      total 57344K, used 6057K [0x0000000780700000, 0x0000000784700000, 0x00000007c0000000)
  eden space 49152K, 0% used [0x0000000780700000,0x0000000780700000,0x0000000783700000)
  from space 8192K, 73% used [0x0000000783f00000,0x00000007844ea5a0,0x0000000784700000)
  to   space 8192K, 0% used [0x0000000783700000,0x0000000783700000,0x0000000783f00000)
 ParOldGen       total 131072K, used 127K [0x0000000701400000, 0x0000000709400000, 0x0000000780700000)
  object space 131072K, 0% used [0x0000000701400000,0x000000070141fcd0,0x0000000709400000)
 Metaspace       used 12787K, capacity 13254K, committed 13568K, reserved 1060864K
  class space    used 1547K, capacity 1692K, committed 1792K, reserved 1048576K
}
Event: 6.958 GC heap before
{Heap before GC invocations=3 (full 0):
 PSYoungGen      total 57344K, used 55209K [0x0000000780700000, 0x0000000784700000, 0x00000007c0000000)
  eden space 49152K, 100% used [0x0000000780700000,0x0000000783700000,0x0000000783700000)
  from space 8192K, 73% used [0x0000000783f00000,0x00000007844ea5a0,0x0000000784700000)
  to   space 8192K, 0% used [0x0000000783700000,0x0000000783700000,0x0000000783f00000)
 ParOldGen       total 131072K, used 127K [0x0000000701400000, 0x0000000709400000, 0x0000000780700000)
  object space 131072K, 0% used [0x0000000701400000,0x000000070141fcd0,0x0000000709400000)
 Metaspace       used 17006K, capacity 17516K, committed 17664K, reserved 1064960K
  class space    used 2096K, capacity 2211K, committed 2304K, reserved 1048576K
Event: 7.043 GC heap after
Heap after GC invocations=3 (full 0):
 PSYoungGen      total 57344K, used 8172K [0x0000000780700000, 0x0000000787700000, 0x00000007c0000000)
  eden space 49152K, 0% used [0x0000000780700000,0x0000000780700000,0x0000000783700000)
  from space 8192K, 99% used [0x0000000783700000,0x0000000783efb3b0,0x0000000783f00000)
  to   space 8192K, 0% used [0x0000000786f00000,0x0000000786f00000,0x0000000787700000)
 ParOldGen       total 131072K, used 530K [0x0000000701400000, 0x0000000709400000, 0x0000000780700000)
  object space 131072K, 0% used [0x0000000701400000,0x0000000701484ae0,0x0000000709400000)
 Metaspace       used 17006K, capacity 17516K, committed 17664K, reserved 1064960K
  class space    used 2096K, capacity 2211K, committed 2304K, reserved 1048576K
}
Event: 7.703 GC heap before
{Heap before GC invocations=4 (full 0):
 PSYoungGen      total 57344K, used 32758K [0x0000000780700000, 0x0000000787700000, 0x00000007c0000000)
  eden space 49152K, 50% used [0x0000000780700000,0x0000000781f026c8,0x0000000783700000)
  from space 8192K, 99% used [0x0000000783700000,0x0000000783efb3b0,0x0000000783f00000)
  to   space 8192K, 0% used [0x0000000786f00000,0x0000000786f00000,0x0000000787700000)
 ParOldGen       total 131072K, used 530K [0x0000000701400000, 0x0000000709400000, 0x0000000780700000)
  object space 131072K, 0% used [0x0000000701400000,0x0000000701484ae0,0x0000000709400000)
 Metaspace       used 20607K, capacity 21168K, committed 21248K, reserved 1067008K
  class space    used 2587K, capacity 2747K, committed 2816K, reserved 1048576K
Event: 7.715 GC heap after
Heap after GC invocations=4 (full 0):
 PSYoungGen      total 106496K, used 7271K [0x0000000780700000, 0x0000000787700000, 0x00000007c0000000)
  eden space 98304K, 0% used [0x0000000780700000,0x0000000780700000,0x0000000786700000)
  from space 8192K, 88% used [0x0000000786f00000,0x0000000787619e18,0x0000000787700000)
  to   space 8192K, 0% used [0x0000000786700000,0x0000000786700000,0x0000000786f00000)
 ParOldGen       total 131072K, used 602K [0x0000000701400000, 0x0000000709400000, 0x0000000780700000)
  object space 131072K, 0% used [0x0000000701400000,0x0000000701496af0,0x0000000709400000)
 Metaspace       used 20607K, capacity 21168K, committed 21248K, reserved 1067008K
  class space    used 2587K, capacity 2747K, committed 2816K, reserved 1048576K
}
Event: 7.715 GC heap before
{Heap before GC invocations=5 (full 1):
 PSYoungGen      total 106496K, used 7271K [0x0000000780700000, 0x0000000787700000, 0x00000007c0000000)
  eden space 98304K, 0% used [0x0000000780700000,0x0000000780700000,0x0000000786700000)
  from space 8192K, 88% used [0x0000000786f00000,0x0000000787619e18,0x0000000787700000)
  to   space 8192K, 0% used [0x0000000786700000,0x0000000786700000,0x0000000786f00000)
 ParOldGen       total 131072K, used 602K [0x0000000701400000, 0x0000000709400000, 0x0000000780700000)
  object space 131072K, 0% used [0x0000000701400000,0x0000000701496af0,0x0000000709400000)
 Metaspace       used 20607K, capacity 21168K, committed 21248K, reserved 1067008K
  class space    used 2587K, capacity 2747K, committed 2816K, reserved 1048576K
Event: 7.789 GC heap after
Heap after GC invocations=5 (full 1):
 PSYoungGen      total 106496K, used 0K [0x0000000780700000, 0x0000000787700000, 0x00000007c0000000)
  eden space 98304K, 0% used [0x0000000780700000,0x0000000780700000,0x0000000786700000)
  from space 8192K, 0% used [0x0000000786f00000,0x0000000786f00000,0x0000000787700000)
  to   space 8192K, 0% used [0x0000000786700000,0x0000000786700000,0x0000000786f00000)
 ParOldGen       total 69120K, used 7185K [0x0000000701400000, 0x0000000705780000, 0x0000000780700000)
  object space 69120K, 10% used [0x0000000701400000,0x0000000701b04778,0x0000000705780000)
 Metaspace       used 20607K, capacity 21168K, committed 21248K, reserved 1067008K
  class space    used 2587K, capacity 2747K, committed 2816K, reserved 1048576K
}
Event: 12.661 GC heap before
{Heap before GC invocations=6 (full 1):
 PSYoungGen      total 106496K, used 98304K [0x0000000780700000, 0x0000000787700000, 0x00000007c0000000)
  eden space 98304K, 100% used [0x0000000780700000,0x0000000786700000,0x0000000786700000)
  from space 8192K, 0% used [0x0000000786f00000,0x0000000786f00000,0x0000000787700000)
  to   space 8192K, 0% used [0x0000000786700000,0x0000000786700000,0x0000000786f00000)
 ParOldGen       total 69120K, used 7185K [0x0000000701400000, 0x0000000705780000, 0x0000000780700000)
  object space 69120K, 10% used [0x0000000701400000,0x0000000701b04778,0x0000000705780000)
 Metaspace       used 26379K, capacity 27336K, committed 27520K, reserved 1073152K
  class space    used 3388K, capacity 3609K, committed 3712K, reserved 1048576K
Event: 12.729 GC heap after
Heap after GC invocations=6 (full 1):
 PSYoungGen      total 106496K, used 6465K [0x0000000780700000, 0x000000078c080000, 0x00000007c0000000)
  eden space 98304K, 0% used [0x0000000780700000,0x0000000780700000,0x0000000786700000)
  from space 8192K, 78% used [0x0000000786700000,0x0000000786d504a8,0x0000000786f00000)
  to   space 9728K, 0% used [0x000000078b700000,0x000000078b700000,0x000000078c080000)
 ParOldGen       total 69120K, used 7185K [0x0000000701400000, 0x0000000705780000, 0x0000000780700000)
  object space 69120K, 10% used [0x0000000701400000,0x0000000701b04778,0x0000000705780000)
 Metaspace       used 26379K, capacity 27336K, committed 27520K, reserved 1073152K
  class space    used 3388K, capacity 3609K, committed 3712K, reserved 1048576K
}

