# JRE version: Java(TM) SE Runtime Environment (8.0_171-b11) (build 1.8.0_171-b11)
# Java VM: Java HotSpot(TM) 64-Bit Server VM (25.171-b11 mixed mode windows-amd64 compressed oops)
Heap:
 PSYoungGen      total 282624K, used 112428K [0x0000000780700000, 0x0000000792b00000, 0x00000007c0000000)
  eden space 266240K, 39% used [0x0000000780700000,0x0000000786cef920,0x0000000790b00000)
  from space 16384K, 49% used [0x0000000791b00000,0x00000007922db7e8,0x0000000792b00000)
  to   space 16384K, 0% used [0x0000000790b00000,0x0000000790b00000,0x0000000791b00000)
 ParOldGen       total 124416K, used 19222K [0x0000000701400000, 0x0000000708d80000, 0x0000000780700000)
  object space 124416K, 15% used [0x0000000701400000,0x00000007026c5890,0x0000000708d80000)
 Metaspace       used 43036K, capacity 44668K, committed 44760K, reserved 1087488K
  class space    used 5453K, capacity 5770K, committed 5848K, reserved 1048576K
GC Heap History (10 events):
Event: 20.339 GC heap before
{Heap before GC invocations=8 (full 1):
 PSYoungGen      total 149504K, used 149428K [0x0000000780700000, 0x000000078a680000, 0x00000007c0000000)
  eden space 140800K, 100% used [0x0000000780700000,0x0000000789080000,0x0000000789080000)
  from space 8704K, 99% used [0x0000000789e00000,0x000000078a66d030,0x000000078a680000)
  to   space 10240K, 0% used [0x0000000789280000,0x0000000789280000,0x0000000789c80000)
 ParOldGen       total 79872K, used 6492K [0x0000000701400000, 0x0000000706200000, 0x0000000780700000)
  object space 79872K, 8% used [0x0000000701400000,0x0000000701a570b8,0x0000000706200000)
 Metaspace       used 29406K, capacity 30622K, committed 30720K, reserved 1075200K
  class space    used 3769K, capacity 4017K, committed 4096K, reserved 1048576K
Event: 20.375 GC heap after
Heap after GC invocations=8 (full 1):
 PSYoungGen      total 153088K, used 10230K [0x0000000780700000, 0x000000078e480000, 0x00000007c0000000)
  eden space 142848K, 0% used [0x0000000780700000,0x0000000780700000,0x0000000789280000)
  from space 10240K, 99% used [0x0000000789280000,0x0000000789c7db40,0x0000000789c80000)
  to   space 12288K, 0% used [0x000000078d880000,0x000000078d880000,0x000000078e480000)
 ParOldGen       total 79872K, used 9334K [0x0000000701400000, 0x0000000706200000, 0x0000000780700000)
  object space 79872K, 11% used [0x0000000701400000,0x0000000701d1dba0,0x0000000706200000)
 Metaspace       used 29406K, capacity 30622K, committed 30720K, reserved 1075200K
  class space    used 3769K, capacity 4017K, committed 4096K, reserved 1048576K
}
Event: 27.055 GC heap before
{Heap before GC invocations=9 (full 1):
 PSYoungGen      total 153088K, used 153078K [0x0000000780700000, 0x000000078e480000, 0x00000007c0000000)
  eden space 142848K, 100% used [0x0000000780700000,0x0000000789280000,0x0000000789280000)
  from space 10240K, 99% used [0x0000000789280000,0x0000000789c7db40,0x0000000789c80000)
  to   space 12288K, 0% used [0x000000078d880000,0x000000078d880000,0x000000078e480000)
 ParOldGen       total 79872K, used 9334K [0x0000000701400000, 0x0000000706200000, 0x0000000780700000)
  object space 79872K, 11% used [0x0000000701400000,0x0000000701d1dba0,0x0000000706200000)
 Metaspace       used 32520K, capacity 33708K, committed 34048K, reserved 1079296K
  class space    used 4232K, capacity 4484K, committed 4608K, reserved 1048576K
Event: 27.164 GC heap after
Heap after GC invocations=9 (full 1):
 PSYoungGen      total 211456K, used 12256K [0x0000000780700000, 0x000000078f580000, 0x00000007c0000000)
  eden space 199168K, 0% used [0x0000000780700000,0x0000000780700000,0x000000078c980000)
  from space 12288K, 99% used [0x000000078d880000,0x000000078e478020,0x000000078e480000)
  to   space 15360K, 0% used [0x000000078c980000,0x000000078c980000,0x000000078d880000)
 ParOldGen       total 79872K, used 13035K [0x0000000701400000, 0x0000000706200000, 0x0000000780700000)
  object space 79872K, 16% used [0x0000000701400000,0x00000007020baf18,0x0000000706200000)
 Metaspace       used 32520K, capacity 33708K, committed 34048K, reserved 1079296K
  class space    used 4232K, capacity 4484K, committed 4608K, reserved 1048576K
}
Event: 28.238 GC heap before
{Heap before GC invocations=10 (full 1):
 PSYoungGen      total 211456K, used 58287K [0x0000000780700000, 0x000000078f580000, 0x00000007c0000000)
  eden space 199168K, 23% used [0x0000000780700000,0x00000007833f3c50,0x000000078c980000)
  from space 12288K, 99% used [0x000000078d880000,0x000000078e478020,0x000000078e480000)
  to   space 15360K, 0% used [0x000000078c980000,0x000000078c980000,0x000000078d880000)
 ParOldGen       total 79872K, used 13035K [0x0000000701400000, 0x0000000706200000, 0x0000000780700000)
  object space 79872K, 16% used [0x0000000701400000,0x00000007020baf18,0x0000000706200000)
 Metaspace       used 34029K, capacity 35260K, committed 35416K, reserved 1079296K
  class space    used 4363K, capacity 4614K, committed 4696K, reserved 1048576K
Event: 28.263 GC heap after
Heap after GC invocations=10 (full 1):
 PSYoungGen      total 214528K, used 13824K [0x0000000780700000, 0x0000000792b00000, 0x00000007c0000000)
  eden space 199168K, 0% used [0x0000000780700000,0x0000000780700000,0x000000078c980000)
  from space 15360K, 90% used [0x000000078c980000,0x000000078d700020,0x000000078d880000)
  to   space 16384K, 0% used [0x0000000791b00000,0x0000000791b00000,0x0000000792b00000)
 ParOldGen       total 79872K, used 13043K [0x0000000701400000, 0x0000000706200000, 0x0000000780700000)
  object space 79872K, 16% used [0x0000000701400000,0x00000007020bcf18,0x0000000706200000)
 Metaspace       used 34029K, capacity 35260K, committed 35416K, reserved 1079296K
  class space    used 4363K, capacity 4614K, committed 4696K, reserved 1048576K
}
Event: 28.263 GC heap before
{Heap before GC invocations=11 (full 2):
 PSYoungGen      total 214528K, used 13824K [0x0000000780700000, 0x0000000792b00000, 0x00000007c0000000)
  eden space 199168K, 0% used [0x0000000780700000,0x0000000780700000,0x000000078c980000)
  from space 15360K, 90% used [0x000000078c980000,0x000000078d700020,0x000000078d880000)
  to   space 16384K, 0% used [0x0000000791b00000,0x0000000791b00000,0x0000000792b00000)
 ParOldGen       total 79872K, used 13043K [0x0000000701400000, 0x0000000706200000, 0x0000000780700000)
  object space 79872K, 16% used [0x0000000701400000,0x00000007020bcf18,0x0000000706200000)
 Metaspace       used 34029K, capacity 35260K, committed 35416K, reserved 1079296K
  class space    used 4363K, capacity 4614K, committed 4696K, reserved 1048576K
Event: 28.416 GC heap after
Heap after GC invocations=11 (full 2):
 PSYoungGen      total 214528K, used 0K [0x0000000780700000, 0x0000000792b00000, 0x00000007c0000000)
  eden space 199168K, 0% used [0x0000000780700000,0x0000000780700000,0x000000078c980000)
  from space 15360K, 0% used [0x000000078c980000,0x000000078c980000,0x000000078d880000)
  to   space 16384K, 0% used [0x0000000791b00000,0x0000000791b00000,0x0000000792b00000)
 ParOldGen       total 124416K, used 19214K [0x0000000701400000, 0x0000000708d80000, 0x0000000780700000)
  object space 124416K, 15% used [0x0000000701400000,0x00000007026c3890,0x0000000708d80000)
 Metaspace       used 34029K, capacity 35260K, committed 35416K, reserved 1079296K
  class space    used 4363K, capacity 4614K, committed 4696K, reserved 1048576K
}
Event: 33.011 GC heap before
{Heap before GC invocations=12 (full 2):
 PSYoungGen      total 214528K, used 199168K [0x0000000780700000, 0x0000000792b00000, 0x00000007c0000000)
  eden space 199168K, 100% used [0x0000000780700000,0x000000078c980000,0x000000078c980000)
  from space 15360K, 0% used [0x000000078c980000,0x000000078c980000,0x000000078d880000)
  to   space 16384K, 0% used [0x0000000791b00000,0x0000000791b00000,0x0000000792b00000)
 ParOldGen       total 124416K, used 19214K [0x0000000701400000, 0x0000000708d80000, 0x0000000780700000)
  object space 124416K, 15% used [0x0000000701400000,0x00000007026c3890,0x0000000708d80000)
 Metaspace       used 39041K, capacity 40624K, committed 40664K, reserved 1085440K
  class space    used 4991K, capacity 5306K, committed 5336K, reserved 1048576K
Event: 33.031 GC heap after
Heap after GC invocations=12 (full 2):
 PSYoungGen      total 282624K, used 8045K [0x0000000780700000, 0x0000000792b00000, 0x00000007c0000000)
  eden space 266240K, 0% used [0x0000000780700000,0x0000000780700000,0x0000000790b00000)
  from space 16384K, 49% used [0x0000000791b00000,0x00000007922db7e8,0x0000000792b00000)
  to   space 16384K, 0% used [0x0000000790b00000,0x0000000790b00000,0x0000000791b00000)
 ParOldGen       total 124416K, used 19222K [0x0000000701400000, 0x0000000708d80000, 0x0000000780700000)
  object space 124416K, 15% used [0x0000000701400000,0x00000007026c5890,0x0000000708d80000)
 Metaspace       used 39041K, capacity 40624K, committed 40664K, reserved 1085440K
  class space    used 4991K, capacity 5306K, committed 5336K, reserved 1048576K
}

