# JRE version: Java(TM) SE Runtime Environment (8.0_171-b11) (build 1.8.0_171-b11)
# Java VM: Java HotSpot(TM) 64-Bit Server VM (25.171-b11 mixed mode windows-amd64 compressed oops)
Heap:
 PSYoungGen      total 515584K, used 54419K [0x0000000780700000, 0x00000007ad000000, 0x00000007c0000000)
  eden space 497664K, 10% used [0x0000000780700000,0x0000000783c24c38,0x000000079ed00000)
  from space 17920K, 0% used [0x000000079ed00000,0x000000079ed00000,0x000000079fe80000)
  to   space 17408K, 0% used [0x00000007abf00000,0x00000007abf00000,0x00000007ad000000)
 ParOldGen       total 160256K, used 52220K [0x0000000701400000, 0x000000070b080000, 0x0000000780700000)
  object space 160256K, 32% used [0x0000000701400000,0x00000007046ff190,0x000000070b080000)
 Metaspace       used 56815K, capacity 59324K, committed 59668K, reserved 1101824K
  class space    used 7153K, capacity 7580K, committed 7680K, reserved 1048576K
GC Heap History (10 events):
Event: 34.150 GC heap before
{Heap before GC invocations=12 (full 2):
 PSYoungGen      total 252416K, used 236544K [0x0000000780700000, 0x0000000798000000, 0x00000007c0000000)
  eden space 236544K, 100% used [0x0000000780700000,0x000000078ee00000,0x000000078ee00000)
  from space 15872K, 0% used [0x000000078ee00000,0x000000078ee00000,0x000000078fd80000)
  to   space 15872K, 0% used [0x0000000797080000,0x0000000797080000,0x0000000798000000)
 ParOldGen       total 103424K, used 19347K [0x0000000701400000, 0x0000000707900000, 0x0000000780700000)
  object space 103424K, 18% used [0x0000000701400000,0x00000007026e4d70,0x0000000707900000)
 Metaspace       used 41672K, capacity 43242K, committed 43480K, reserved 1087488K
  class space    used 5309K, capacity 5597K, committed 5632K, reserved 1048576K
Event: 34.250 GC heap after
Heap after GC invocations=12 (full 2):
 PSYoungGen      total 363008K, used 15852K [0x0000000780700000, 0x0000000798000000, 0x00000007c0000000)
  eden space 347136K, 0% used [0x0000000780700000,0x0000000780700000,0x0000000795a00000)
  from space 15872K, 99% used [0x0000000797080000,0x0000000797ffb3b8,0x0000000798000000)
  to   space 17408K, 0% used [0x0000000795e00000,0x0000000795e00000,0x0000000796f00000)
 ParOldGen       total 103424K, used 19418K [0x0000000701400000, 0x0000000707900000, 0x0000000780700000)
  object space 103424K, 18% used [0x0000000701400000,0x00000007026f6818,0x0000000707900000)
 Metaspace       used 41672K, capacity 43242K, committed 43480K, reserved 1087488K
  class space    used 5309K, capacity 5597K, committed 5632K, reserved 1048576K
}
Event: 49.313 GC heap before
{Heap before GC invocations=13 (full 2):
 PSYoungGen      total 363008K, used 362988K [0x0000000780700000, 0x0000000798000000, 0x00000007c0000000)
  eden space 347136K, 100% used [0x0000000780700000,0x0000000795a00000,0x0000000795a00000)
  from space 15872K, 99% used [0x0000000797080000,0x0000000797ffb3b8,0x0000000798000000)
  to   space 17408K, 0% used [0x0000000795e00000,0x0000000795e00000,0x0000000796f00000)
 ParOldGen       total 103424K, used 19418K [0x0000000701400000, 0x0000000707900000, 0x0000000780700000)
  object space 103424K, 18% used [0x0000000701400000,0x00000007026f6818,0x0000000707900000)
 Metaspace       used 47950K, capacity 50018K, committed 50392K, reserved 1093632K
  class space    used 6156K, capacity 6537K, committed 6656K, reserved 1048576K
Event: 49.353 GC heap after
Heap after GC invocations=13 (full 2):
 PSYoungGen      total 368640K, used 13502K [0x0000000780700000, 0x00000007a1280000, 0x00000007c0000000)
  eden space 351232K, 0% used [0x0000000780700000,0x0000000780700000,0x0000000795e00000)
  from space 17408K, 77% used [0x0000000795e00000,0x0000000796b2f818,0x0000000796f00000)
  to   space 18432K, 0% used [0x00000007a0080000,0x00000007a0080000,0x00000007a1280000)
 ParOldGen       total 103424K, used 30646K [0x0000000701400000, 0x0000000707900000, 0x0000000780700000)
  object space 103424K, 29% used [0x0000000701400000,0x00000007031ed930,0x0000000707900000)
 Metaspace       used 47950K, capacity 50018K, committed 50392K, reserved 1093632K
  class space    used 6156K, capacity 6537K, committed 6656K, reserved 1048576K
}
Event: 52.620 GC heap before
{Heap before GC invocations=14 (full 2):
 PSYoungGen      total 368640K, used 364734K [0x0000000780700000, 0x00000007a1280000, 0x00000007c0000000)
  eden space 351232K, 100% used [0x0000000780700000,0x0000000795e00000,0x0000000795e00000)
  from space 17408K, 77% used [0x0000000795e00000,0x0000000796b2f818,0x0000000796f00000)
  to   space 18432K, 0% used [0x00000007a0080000,0x00000007a0080000,0x00000007a1280000)
 ParOldGen       total 103424K, used 30646K [0x0000000701400000, 0x0000000707900000, 0x0000000780700000)
  object space 103424K, 29% used [0x0000000701400000,0x00000007031ed930,0x0000000707900000)
 Metaspace       used 53796K, capacity 55884K, committed 56152K, reserved 1097728K
  class space    used 6813K, capacity 7198K, committed 7296K, reserved 1048576K
Event: 52.651 GC heap after
Heap after GC invocations=14 (full 2):
 PSYoungGen      total 513536K, used 8474K [0x0000000780700000, 0x00000007a1000000, 0x00000007c0000000)
  eden space 497664K, 0% used [0x0000000780700000,0x0000000780700000,0x000000079ed00000)
  from space 15872K, 53% used [0x00000007a0080000,0x00000007a08c6b30,0x00000007a1000000)
  to   space 17920K, 0% used [0x000000079ed00000,0x000000079ed00000,0x000000079fe80000)
 ParOldGen       total 103424K, used 39923K [0x0000000701400000, 0x0000000707900000, 0x0000000780700000)
  object space 103424K, 38% used [0x0000000701400000,0x0000000703afce58,0x0000000707900000)
 Metaspace       used 53796K, capacity 55884K, committed 56152K, reserved 1097728K
  class space    used 6813K, capacity 7198K, committed 7296K, reserved 1048576K
}
Event: 56.475 GC heap before
{Heap before GC invocations=15 (full 2):
 PSYoungGen      total 513536K, used 319991K [0x0000000780700000, 0x00000007a1000000, 0x00000007c0000000)
  eden space 497664K, 62% used [0x0000000780700000,0x0000000793737250,0x000000079ed00000)
  from space 15872K, 53% used [0x00000007a0080000,0x00000007a08c6b30,0x00000007a1000000)
  to   space 17920K, 0% used [0x000000079ed00000,0x000000079ed00000,0x000000079fe80000)
 ParOldGen       total 103424K, used 39923K [0x0000000701400000, 0x0000000707900000, 0x0000000780700000)
  object space 103424K, 38% used [0x0000000701400000,0x0000000703afce58,0x0000000707900000)
 Metaspace       used 56489K, capacity 58930K, committed 59028K, reserved 1101824K
  class space    used 7085K, capacity 7505K, committed 7552K, reserved 1048576K
Event: 56.510 GC heap after
Heap after GC invocations=15 (full 2):
 PSYoungGen      total 515584K, used 8474K [0x0000000780700000, 0x00000007ad000000, 0x00000007c0000000)
  eden space 497664K, 0% used [0x0000000780700000,0x0000000780700000,0x000000079ed00000)
  from space 17920K, 47% used [0x000000079ed00000,0x000000079f546ab8,0x000000079fe80000)
  to   space 17408K, 0% used [0x00000007abf00000,0x00000007abf00000,0x00000007ad000000)
 ParOldGen       total 103424K, used 45882K [0x0000000701400000, 0x0000000707900000, 0x0000000780700000)
  object space 103424K, 44% used [0x0000000701400000,0x00000007040ce898,0x0000000707900000)
 Metaspace       used 56489K, capacity 58930K, committed 59028K, reserved 1101824K
  class space    used 7085K, capacity 7505K, committed 7552K, reserved 1048576K
}
Event: 56.510 GC heap before
{Heap before GC invocations=16 (full 3):
 PSYoungGen      total 515584K, used 8474K [0x0000000780700000, 0x00000007ad000000, 0x00000007c0000000)
  eden space 497664K, 0% used [0x0000000780700000,0x0000000780700000,0x000000079ed00000)
  from space 17920K, 47% used [0x000000079ed00000,0x000000079f546ab8,0x000000079fe80000)
  to   space 17408K, 0% used [0x00000007abf00000,0x00000007abf00000,0x00000007ad000000)
 ParOldGen       total 103424K, used 45882K [0x0000000701400000, 0x0000000707900000, 0x0000000780700000)
  object space 103424K, 44% used [0x0000000701400000,0x00000007040ce898,0x0000000707900000)
 Metaspace       used 56489K, capacity 58930K, committed 59028K, reserved 1101824K
  class space    used 7085K, capacity 7505K, committed 7552K, reserved 1048576K
Event: 56.988 GC heap after
Heap after GC invocations=16 (full 3):
 PSYoungGen      total 515584K, used 0K [0x0000000780700000, 0x00000007ad000000, 0x00000007c0000000)
  eden space 497664K, 0% used [0x0000000780700000,0x0000000780700000,0x000000079ed00000)
  from space 17920K, 0% used [0x000000079ed00000,0x000000079ed00000,0x000000079fe80000)
  to   space 17408K, 0% used [0x00000007abf00000,0x00000007abf00000,0x00000007ad000000)
 ParOldGen       total 160256K, used 52220K [0x0000000701400000, 0x000000070b080000, 0x0000000780700000)
  object space 160256K, 32% used [0x0000000701400000,0x00000007046ff190,0x000000070b080000)
 Metaspace       used 56421K, capacity 58822K, committed 59028K, reserved 1101824K
  class space    used 7075K, capacity 7487K, committed 7552K, reserved 1048576K
}

